Sequence Matches

qseqid	sseqid                            	pident 	length	qlen	sstart	send 
1F	NODE_18_length_84619_cov_36.005061	100.000	28	28	19992	20019
1F	NODE_18_length_84619_cov_36.005061	100.000	28	28	20052	20079
1F	NODE_18_length_84619_cov_36.005061	100.000	28	28	20112	20139
1F	NODE_18_length_84619_cov_36.005061	100.000	28	28	20172	20199
1F	NODE_18_length_84619_cov_36.005061	100.000	28	28	20232	20259
1F	NODE_18_length_84619_cov_36.005061	100.000	28	28	20292	20319
1F	NODE_18_length_84619_cov_36.005061	100.000	28	28	20352	20379
1F	NODE_18_length_84619_cov_36.005061	100.000	28	28	20412	20439
1F	NODE_18_length_84619_cov_36.005061	100.000	28	28	20472	20499
1F	NODE_18_length_84619_cov_36.005061	100.000	28	28	20532	20559

Spacer Sequences
>NODE_18_length_84619_cov_36.005061:20020-20051
AGGTCGAGGTGGGCTCGGCGGCGATGATCGAT
>NODE_18_length_84619_cov_36.005061:20080-20111
GGTACGTGGTTTCGACCAACAGCACTGCCCAA
>NODE_18_length_84619_cov_36.005061:20140-20171
TAAAGGAGATTGCCATGCTGATCAAACTTCCC
>NODE_18_length_84619_cov_36.005061:20200-20231
GTCAGGGTCGTGCATGACTCCGATGTGGTGGC
>NODE_18_length_84619_cov_36.005061:20260-20291
CGTCCAGAACGTCACACGCTCGCCGTCGATGT
>NODE_18_length_84619_cov_36.005061:20320-20351
AACCGGAGCCTTCGGGCCGCGTTGGGATCCAC
>NODE_18_length_84619_cov_36.005061:20380-20411
TTGACTGCTGGGGCCTGACGCTCATCGCGCGG
>NODE_18_length_84619_cov_36.005061:20440-20471
GCGACCCTGGCCAGGGCGGCGTCGCGCTCTGC
>NODE_18_length_84619_cov_36.005061:20500-20531
TTGAGCACAACCGGCTGAGCCAGCTGGTTGTC
